  main.cpp
c:\coursecode\math5260\proj\main.cpp(104): warning C4244: 'initializing': conversion from 'std::streamoff' to 'unsigned int', possible loss of data
c:\coursecode\math5260\proj\main.cpp(131): warning C4244: 'initializing': conversion from 'std::streamoff' to 'unsigned int', possible loss of data
c:\coursecode\math5260\proj\main.cpp(154): warning C4244: 'initializing': conversion from 'std::streamoff' to 'unsigned int', possible loss of data
c:\coursecode\math5260\proj\main.cpp(181): warning C4244: 'initializing': conversion from 'std::streamoff' to 'unsigned int', possible loss of data
c:\coursecode\math5260\proj\main.cpp(206): warning C4244: 'initializing': conversion from 'std::streamoff' to 'unsigned int', possible loss of data
c:\coursecode\math5260\proj\main.cpp(228): warning C4244: '=': conversion from 'double' to 'float', possible loss of data
c:\coursecode\math5260\proj\main.cpp(234): warning C4244: '=': conversion from 'double' to 'float', possible loss of data
c:\coursecode\math5260\proj\main.cpp(240): warning C4244: '=': conversion from 'double' to 'float', possible loss of data
c:\coursecode\math5260\proj\main.cpp(246): warning C4244: '=': conversion from 'double' to 'float', possible loss of data
c:\coursecode\math5260\proj\main.cpp(252): warning C4244: '=': conversion from 'double' to 'float', possible loss of data
c:\coursecode\math5260\proj\main.cpp(679): warning C4244: '=': conversion from 'double' to 'float', possible loss of data
c:\coursecode\math5260\proj\main.cpp(691): warning C4244: '=': conversion from 'double' to 'float', possible loss of data
c:\coursecode\math5260\proj\main.cpp(713): warning C4244: '=': conversion from 'double' to 'float', possible loss of data
c:\coursecode\math5260\proj\main.cpp(726): warning C4244: '=': conversion from 'double' to 'float', possible loss of data
c:\coursecode\math5260\proj\main.cpp(771): warning C4244: '=': conversion from 'double' to 'float', possible loss of data
c:\coursecode\math5260\proj\main.cpp(784): warning C4244: '=': conversion from 'double' to 'float', possible loss of data
c:\coursecode\math5260\proj\main.cpp(797): warning C4244: '=': conversion from 'double' to 'float', possible loss of data
c:\coursecode\math5260\proj\main.cpp(846): warning C4244: '=': conversion from 'double' to 'float', possible loss of data
c:\coursecode\math5260\proj\main.cpp(859): warning C4244: '=': conversion from 'double' to 'float', possible loss of data
c:\coursecode\math5260\proj\main.cpp(872): warning C4244: '=': conversion from 'double' to 'float', possible loss of data
c:\coursecode\math5260\proj\main.cpp(885): warning C4244: '=': conversion from 'double' to 'float', possible loss of data
c:\coursecode\math5260\proj\main.cpp(946): warning C4554: '&': check operator precedence for possible error; use parentheses to clarify precedence
  Project1.vcxproj -> C:\coursecode\math5260\Project2\Debug\Project1.exe
  Project1.vcxproj -> C:\coursecode\math5260\Project2\Debug\Project1.pdb (Partial PDB)
